2017-12-03 10:52:41,875 [INFO] from application in play-dev-mode-akka.actor.default-dispatcher-6 - Creating Pool for datasource 'default'
2017-12-03 10:52:42,473 [INFO] from play.api.db.DefaultDBApi in play-dev-mode-akka.actor.default-dispatcher-6 - Database [default] connected at jdbc:h2:file:./data/productsDB
2017-12-03 10:52:44,579 [WARN] from org.hibernate.validator.messageinterpolation.ParameterMessageInterpolator in play-dev-mode-akka.actor.default-dispatcher-6 - HV000184: ParameterMessageInterpolator has been chosen, EL interpolation will not be supported
2017-12-03 10:52:45,027 [INFO] from play.api.http.EnabledFilters in play-dev-mode-akka.actor.default-dispatcher-6 - Enabled Filters (see <https://www.playframework.com/documentation/latest/Filters>):

    play.filters.csrf.CSRFFilter
    play.filters.headers.SecurityHeadersFilter
    play.filters.hosts.AllowedHostsFilter

2017-12-03 10:52:45,042 [INFO] from play.api.Play in play-dev-mode-akka.actor.default-dispatcher-6 - Application started (Dev)
2017-12-03 10:57:36,363 [INFO] from application in play-dev-mode-akka.actor.default-dispatcher-24 - Shutting down connection pool.
2017-12-03 10:57:36,759 [INFO] from application in play-dev-mode-akka.actor.default-dispatcher-24 - Creating Pool for datasource 'default'
2017-12-03 10:57:36,803 [INFO] from play.api.db.DefaultDBApi in play-dev-mode-akka.actor.default-dispatcher-24 - Database [default] connected at jdbc:h2:file:./data/productsDB
2017-12-03 10:57:37,032 [WARN] from org.hibernate.validator.messageinterpolation.ParameterMessageInterpolator in play-dev-mode-akka.actor.default-dispatcher-24 - HV000184: ParameterMessageInterpolator has been chosen, EL interpolation will not be supported
2017-12-03 10:57:37,185 [INFO] from play.api.http.EnabledFilters in play-dev-mode-akka.actor.default-dispatcher-24 - Enabled Filters (see <https://www.playframework.com/documentation/latest/Filters>):

    play.filters.csrf.CSRFFilter
    play.filters.headers.SecurityHeadersFilter
    play.filters.hosts.AllowedHostsFilter

2017-12-03 10:57:37,193 [INFO] from play.api.Play in play-dev-mode-akka.actor.default-dispatcher-24 - Application started (Dev)
2017-12-03 11:01:43,625 [INFO] from application in play-dev-mode-akka.actor.default-dispatcher-32 - Shutting down connection pool.
2017-12-03 11:01:44,025 [INFO] from application in play-dev-mode-akka.actor.default-dispatcher-32 - Creating Pool for datasource 'default'
2017-12-03 11:01:44,106 [INFO] from play.api.db.DefaultDBApi in play-dev-mode-akka.actor.default-dispatcher-32 - Database [default] connected at jdbc:h2:file:./data/productsDB
2017-12-03 11:01:44,393 [WARN] from org.hibernate.validator.messageinterpolation.ParameterMessageInterpolator in play-dev-mode-akka.actor.default-dispatcher-32 - HV000184: ParameterMessageInterpolator has been chosen, EL interpolation will not be supported
2017-12-03 11:01:44,510 [INFO] from play.api.http.EnabledFilters in play-dev-mode-akka.actor.default-dispatcher-32 - Enabled Filters (see <https://www.playframework.com/documentation/latest/Filters>):

    play.filters.csrf.CSRFFilter
    play.filters.headers.SecurityHeadersFilter
    play.filters.hosts.AllowedHostsFilter

2017-12-03 11:01:44,511 [INFO] from play.api.Play in play-dev-mode-akka.actor.default-dispatcher-32 - Application started (Dev)
2017-12-03 11:01:44,727 [WARN] from play in play-dev-mode-akka.actor.default-dispatcher-32 - You are using status code '200' with flashing, which should only be used with a redirect status!
2017-12-03 11:01:54,704 [WARN] from play in play-dev-mode-akka.actor.default-dispatcher-38 - You are using status code '200' with flashing, which should only be used with a redirect status!
2017-12-03 11:06:29,794 [INFO] from application in play-dev-mode-akka.actor.default-dispatcher-45 - Shutting down connection pool.
2017-12-03 11:06:30,321 [INFO] from application in play-dev-mode-akka.actor.default-dispatcher-45 - Creating Pool for datasource 'default'
2017-12-03 11:06:30,378 [INFO] from play.api.db.DefaultDBApi in play-dev-mode-akka.actor.default-dispatcher-45 - Database [default] connected at jdbc:h2:file:./data/productsDB
2017-12-03 11:06:30,821 [WARN] from org.hibernate.validator.messageinterpolation.ParameterMessageInterpolator in play-dev-mode-akka.actor.default-dispatcher-45 - HV000184: ParameterMessageInterpolator has been chosen, EL interpolation will not be supported
2017-12-03 11:06:31,211 [INFO] from play.api.http.EnabledFilters in play-dev-mode-akka.actor.default-dispatcher-45 - Enabled Filters (see <https://www.playframework.com/documentation/latest/Filters>):

    play.filters.csrf.CSRFFilter
    play.filters.headers.SecurityHeadersFilter
    play.filters.hosts.AllowedHostsFilter

2017-12-03 11:06:31,216 [INFO] from play.api.Play in play-dev-mode-akka.actor.default-dispatcher-45 - Application started (Dev)
2017-12-03 11:06:47,580 [WARN] from play in play-dev-mode-akka.actor.default-dispatcher-47 - You are using status code '200' with flashing, which should only be used with a redirect status!
2017-12-03 11:09:27,873 [WARN] from play in play-dev-mode-akka.actor.default-dispatcher-45 - You are using status code '200' with flashing, which should only be used with a redirect status!
2017-12-03 11:11:20,036 [INFO] from application in play-dev-mode-akka.actor.default-dispatcher-66 - Shutting down connection pool.
2017-12-03 11:11:20,331 [INFO] from application in play-dev-mode-akka.actor.default-dispatcher-66 - Creating Pool for datasource 'default'
2017-12-03 11:11:20,393 [INFO] from play.api.db.DefaultDBApi in play-dev-mode-akka.actor.default-dispatcher-66 - Database [default] connected at jdbc:h2:file:./data/productsDB
2017-12-03 11:11:20,638 [WARN] from org.hibernate.validator.messageinterpolation.ParameterMessageInterpolator in play-dev-mode-akka.actor.default-dispatcher-66 - HV000184: ParameterMessageInterpolator has been chosen, EL interpolation will not be supported
2017-12-03 11:11:20,751 [INFO] from play.api.http.EnabledFilters in play-dev-mode-akka.actor.default-dispatcher-66 - Enabled Filters (see <https://www.playframework.com/documentation/latest/Filters>):

    play.filters.csrf.CSRFFilter
    play.filters.headers.SecurityHeadersFilter
    play.filters.hosts.AllowedHostsFilter

2017-12-03 11:11:20,753 [INFO] from play.api.Play in play-dev-mode-akka.actor.default-dispatcher-66 - Application started (Dev)
2017-12-03 11:12:59,117 [INFO] from play.core.server.AkkaHttpServer in pool-5-thread-4 - Stopping server...
2017-12-03 11:12:59,160 [INFO] from application in pool-5-thread-4 - Shutting down connection pool.
